<?xml version="1.0" encoding="UTF-8"?>
<testng-results skipped="0" failed="0" ignored="0" total="1" passed="1">
  <reporter-output>
  </reporter-output>
  <suite name="Suite" duration-ms="36228" started-at="2020-05-29T12:24:30Z" finished-at="2020-05-29T12:25:07Z">
    <groups>
    </groups>
    <test name="Test" duration-ms="36228" started-at="2020-05-29T12:24:30Z" finished-at="2020-05-29T12:25:07Z">
      <class name="com.scripts.MavenYahoo.TESTYahoo">
        <test-method status="PASS" signature="openBrowser()[pri:0, instance:com.scripts.MavenYahoo.TESTYahoo@10dba097]" name="openBrowser" is-config="true" duration-ms="21964" started-at="2020-05-29T12:24:30Z" finished-at="2020-05-29T12:24:52Z">
          <reporter-output>
          </reporter-output>
        </test-method> <!-- openBrowser -->
        <test-method status="PASS" signature="yahoo()[pri:0, instance:com.scripts.MavenYahoo.TESTYahoo@10dba097]" name="yahoo" duration-ms="14241" started-at="2020-05-29T12:24:52Z" finished-at="2020-05-29T12:25:07Z">
          <reporter-output>
          </reporter-output>
        </test-method> <!-- yahoo -->
      </class> <!-- com.scripts.MavenYahoo.TESTYahoo -->
    </test> <!-- Test -->
  </suite> <!-- Suite -->
</testng-results>
